{
"/Users/jameshaley/apps-js/d3-exp/grizzy/src/main/blankSVG.js":{"path":"/Users/jameshaley/apps-js/d3-exp/grizzy/src/main/blankSVG.js","s":{"1":3,"2":1,"3":2,"4":3,"5":3},"b":{"1":[1,2]},"f":{"1":3},"statementMap":{"1":{"start":{"line":19,"column":2},"end":{"line":19,"column":50}},"2":{"start":{"line":19,"column":34},"end":{"line":19,"column":40}},"3":{"start":{"line":19,"column":43},"end":{"line":19,"column":49}},"4":{"start":{"line":21,"column":2},"end":{"line":42,"column":9}},"5":{"start":{"line":45,"column":0},"end":{"line":45,"column":24}}},"fnMap":{"1":{"name":null,"line":18,"loc":{"start":{"line":18,"column":0},"end":{"line":43,"column":1}}}},"branchMap":{"1":{"line":19,"type":"cond-expr","locations":[{"start":{"line":19,"column":11},"end":{"line":19,"column":49}},{"start":{"line":19,"column":11},"end":{"line":19,"column":49}}]}},"hash":"0ff83e03327f9dd54a4a69af184231a6","l":{"19":3,"21":3,"45":3}},
"/Users/jameshaley/apps-js/d3-exp/grizzy/src/main/dimensions.js":{"path":"/Users/jameshaley/apps-js/d3-exp/grizzy/src/main/dimensions.js","s":{"1":5,"2":5,"3":5,"4":5,"5":5,"6":15,"7":14,"8":1,"9":5,"10":1,"11":5,"12":3},"b":{"1":[14,1],"2":[1,4]},"f":{"1":5,"2":5,"3":15},"statementMap":{"1":{"start":{"line":22,"column":19},"end":{"line":34,"column":3}},"2":{"start":{"line":36,"column":2},"end":{"line":36,"column":20}},"3":{"start":{"line":40,"column":14},"end":{"line":40,"column":43}},"4":{"start":{"line":41,"column":12},"end":{"line":41,"column":14}},"5":{"start":{"line":43,"column":2},"end":{"line":53,"column":5}},"6":{"start":{"line":45,"column":4},"end":{"line":52,"column":5}},"7":{"start":{"line":47,"column":6},"end":{"line":47,"column":31}},"8":{"start":{"line":51,"column":6},"end":{"line":51,"column":28}},"9":{"start":{"line":55,"column":2},"end":{"line":63,"column":3}},"10":{"start":{"line":57,"column":4},"end":{"line":62,"column":6}},"11":{"start":{"line":65,"column":2},"end":{"line":72,"column":4}},"12":{"start":{"line":75,"column":0},"end":{"line":75,"column":26}}},"fnMap":{"1":{"name":null,"line":16,"loc":{"start":{"line":16,"column":0},"end":{"line":37,"column":1}}},"2":{"name":null,"line":39,"loc":{"start":{"line":39,"column":0},"end":{"line":73,"column":1}}},"3":{"name":null,"line":43,"loc":{"start":{"line":43,"column":16},"end":{"line":53,"column":3}}}},"branchMap":{"1":{"line":45,"type":"if","locations":[{"start":{"line":45,"column":37},"end":{"line":49,"column":5}},{"start":{"line":49,"column":11},"end":{"line":52,"column":5}}]},"2":{"line":55,"type":"if","locations":[{"start":{"line":55,"column":35},"end":{"line":63,"column":3}},{"start":{"line":55,"column":35},"end":{"line":63,"column":3}}]}},"hash":"3582516e509b993727a95f40d25628b9","l":{"22":5,"36":5,"40":5,"41":5,"43":5,"45":15,"47":14,"51":1,"55":5,"57":1,"65":5,"75":3}},
"/Users/jameshaley/apps-js/d3-exp/grizzy/src/main/draw.js":{"path":"/Users/jameshaley/apps-js/d3-exp/grizzy/src/main/draw.js","s":{"1":2,"2":2,"3":1,"4":1,"5":2,"6":2,"7":2,"8":1,"9":1,"10":1,"11":2,"12":1,"13":2,"14":2,"15":2,"16":2,"17":2,"18":1},"b":{"1":[1,1],"2":[1,1],"3":[2,1],"4":[1,1]},"f":{"1":2},"statementMap":{"1":{"start":{"line":47,"column":13},"end":{"line":47,"column":26}},"2":{"start":{"line":48,"column":15},"end":{"line":48,"column":63}},"3":{"start":{"line":48,"column":32},"end":{"line":48,"column":38}},"4":{"start":{"line":48,"column":41},"end":{"line":48,"column":63}},"5":{"start":{"line":49,"column":13},"end":{"line":49,"column":37}},"6":{"start":{"line":50,"column":12},"end":{"line":50,"column":23}},"7":{"start":{"line":54,"column":2},"end":{"line":58,"column":3}},"8":{"start":{"line":54,"column":33},"end":{"line":54,"column":60}},"9":{"start":{"line":55,"column":4},"end":{"line":55,"column":23}},"10":{"start":{"line":57,"column":4},"end":{"line":57,"column":21}},"11":{"start":{"line":60,"column":2},"end":{"line":62,"column":3}},"12":{"start":{"line":61,"column":4},"end":{"line":61,"column":50}},"13":{"start":{"line":64,"column":2},"end":{"line":66,"column":3}},"14":{"start":{"line":64,"column":27},"end":{"line":64,"column":30}},"15":{"start":{"line":64,"column":15},"end":{"line":64,"column":16}},"16":{"start":{"line":65,"column":4},"end":{"line":65,"column":40}},"17":{"start":{"line":67,"column":2},"end":{"line":67,"column":16}},"18":{"start":{"line":70,"column":0},"end":{"line":70,"column":20}}},"fnMap":{"1":{"name":null,"line":46,"loc":{"start":{"line":46,"column":0},"end":{"line":68,"column":1}}}},"branchMap":{"1":{"line":48,"type":"cond-expr","locations":[{"start":{"line":48,"column":15},"end":{"line":48,"column":63}},{"start":{"line":48,"column":15},"end":{"line":48,"column":63}}]},"2":{"line":54,"type":"if","locations":[{"start":{"line":54,"column":62},"end":{"line":56,"column":3}},{"start":{"line":56,"column":9},"end":{"line":58,"column":3}}]},"3":{"line":54,"type":"binary-expr","locations":[{"start":{"line":54,"column":8},"end":{"line":54,"column":29}},{"start":{"line":54,"column":8},"end":{"line":54,"column":29}}]},"4":{"line":60,"type":"if","locations":[{"start":{"line":60,"column":12},"end":{"line":62,"column":3}},{"start":{"line":60,"column":12},"end":{"line":62,"column":3}}]}},"hash":"147044bc272e279164681c0f45ab7a67","l":{"47":2,"48":2,"49":2,"50":2,"54":2,"55":1,"57":1,"60":2,"61":1,"64":2,"65":2,"67":2,"70":1}},
"/Users/jameshaley/apps-js/d3-exp/grizzy/src/main/scheduler/intent.js":{"path":"/Users/jameshaley/apps-js/d3-exp/grizzy/src/main/scheduler/intent.js","s":{"1":3,"2":3},"b":{},"f":{},"statementMap":{"1":{"start":{"line":3,"column":28},"end":{"line":3,"column":51}},"2":{"start":{"line":4,"column":31},"end":{"line":4,"column":54}}},"fnMap":{},"branchMap":{},"hash":"2225c49863508d972a0a9652da97c163","l":{"3":3,"4":3}},
"/Users/jameshaley/apps-js/d3-exp/grizzy/src/main/scheduler/scheduler_globals.js":{"path":"/Users/jameshaley/apps-js/d3-exp/grizzy/src/main/scheduler/scheduler_globals.js","s":{"1":3},"b":{},"f":{},"statementMap":{"1":{"start":{"line":2,"column":0},"end":{"line":14,"column":2}}},"fnMap":{},"branchMap":{},"hash":"591a9f53d1be27a9c4712f53d96959bb","l":{"2":3}},
"/Users/jameshaley/apps-js/d3-exp/grizzy/src/main/scheduler/model.js":{"path":"/Users/jameshaley/apps-js/d3-exp/grizzy/src/main/scheduler/model.js","s":{"1":2,"2":0,"3":0,"4":0,"5":0,"6":0,"7":0,"8":0,"9":0,"10":0,"11":0,"12":0,"13":0,"14":0,"15":0,"16":0,"17":0,"18":0,"19":0,"20":0,"21":0,"22":0,"23":0,"24":0,"25":0,"26":0,"27":0,"28":0,"29":0,"30":0,"31":0},"b":{"1":[0,0],"2":[0,0],"3":[0,0],"4":[0,0],"5":[0,0],"6":[0,0],"7":[0,0,0,0]},"f":{"1":0,"2":0,"3":0,"4":0},"statementMap":{"1":{"start":{"line":10,"column":29},"end":{"line":23,"column":1}},"2":{"start":{"line":28,"column":2},"end":{"line":28,"column":44}},"3":{"start":{"line":28,"column":29},"end":{"line":28,"column":39}},"4":{"start":{"line":28,"column":42},"end":{"line":28,"column":43}},"5":{"start":{"line":35,"column":13},"end":{"line":48,"column":3}},"6":{"start":{"line":50,"column":2},"end":{"line":50,"column":14}},"7":{"start":{"line":57,"column":2},"end":{"line":69,"column":3}},"8":{"start":{"line":58,"column":26},"end":{"line":58,"column":58}},"9":{"start":{"line":60,"column":4},"end":{"line":68,"column":5}},"10":{"start":{"line":62,"column":6},"end":{"line":65,"column":9}},"11":{"start":{"line":67,"column":6},"end":{"line":67,"column":19}},"12":{"start":{"line":75,"column":2},"end":{"line":75,"column":29}},"13":{"start":{"line":76,"column":2},"end":{"line":76,"column":39}},"14":{"start":{"line":78,"column":2},"end":{"line":117,"column":3}},"15":{"start":{"line":80,"column":4},"end":{"line":91,"column":7}},"16":{"start":{"line":94,"column":7},"end":{"line":117,"column":3}},"17":{"start":{"line":96,"column":4},"end":{"line":106,"column":7}},"18":{"start":{"line":110,"column":4},"end":{"line":116,"column":7}},"19":{"start":{"line":122,"column":13},"end":{"line":122,"column":56}},"20":{"start":{"line":122,"column":36},"end":{"line":122,"column":47}},"21":{"start":{"line":122,"column":50},"end":{"line":122,"column":56}},"22":{"start":{"line":124,"column":2},"end":{"line":140,"column":4}},"23":{"start":{"line":125,"column":9},"end":{"line":125,"column":17}},"24":{"start":{"line":129,"column":9},"end":{"line":129,"column":15}},"25":{"start":{"line":133,"column":9},"end":{"line":133,"column":15}},"26":{"start":{"line":126,"column":6},"end":{"line":126,"column":41}},"27":{"start":{"line":127,"column":6},"end":{"line":127,"column":11}},"28":{"start":{"line":130,"column":6},"end":{"line":130,"column":42}},"29":{"start":{"line":131,"column":6},"end":{"line":131,"column":12}},"30":{"start":{"line":136,"column":6},"end":{"line":136,"column":11}},"31":{"start":{"line":139,"column":6},"end":{"line":139,"column":12}}},"fnMap":{"1":{"name":null,"line":27,"loc":{"start":{"line":27,"column":0},"end":{"line":29,"column":1}}},"2":{"name":null,"line":32,"loc":{"start":{"line":32,"column":0},"end":{"line":51,"column":1}}},"3":{"name":null,"line":53,"loc":{"start":{"line":53,"column":0},"end":{"line":118,"column":1}}},"4":{"name":null,"line":120,"loc":{"start":{"line":120,"column":7},"end":{"line":141,"column":1}}}},"branchMap":{"1":{"line":28,"type":"cond-expr","locations":[{"start":{"line":28,"column":9},"end":{"line":28,"column":43}},{"start":{"line":28,"column":9},"end":{"line":28,"column":43}}]},"2":{"line":57,"type":"if","locations":[{"start":{"line":57,"column":46},"end":{"line":69,"column":3}},{"start":{"line":57,"column":46},"end":{"line":69,"column":3}}]},"3":{"line":60,"type":"if","locations":[{"start":{"line":60,"column":29},"end":{"line":68,"column":5}},{"start":{"line":60,"column":29},"end":{"line":68,"column":5}}]},"4":{"line":78,"type":"if","locations":[{"start":{"line":78,"column":29},"end":{"line":92,"column":3}},{"start":{"line":78,"column":29},"end":{"line":92,"column":3}}]},"5":{"line":94,"type":"if","locations":[{"start":{"line":94,"column":40},"end":{"line":107,"column":3}},{"start":{"line":109,"column":7},"end":{"line":117,"column":3}}]},"6":{"line":122,"type":"cond-expr","locations":[{"start":{"line":122,"column":13},"end":{"line":122,"column":56}},{"start":{"line":122,"column":13},"end":{"line":122,"column":56}}]},"7":{"line":124,"type":"switch","locations":[{"start":{"line":125,"column":4},"end":{"line":127,"column":11}},{"start":{"line":129,"column":4},"end":{"line":131,"column":12}},{"start":{"line":133,"column":4},"end":{"line":136,"column":11}},{"start":{"line":138,"column":4},"end":{"line":139,"column":12}}]}},"hash":"d6ce37079c6ecd1916c7a4aaa0de4a0f","l":{"10":2,"28":0,"35":0,"50":0,"57":0,"58":0,"60":0,"62":0,"67":0,"75":0,"76":0,"78":0,"80":0,"94":0,"96":0,"110":0,"122":0,"124":0,"125":0,"126":0,"127":0,"129":0,"130":0,"131":0,"133":0,"136":0,"139":0}},
"/Users/jameshaley/apps-js/d3-exp/grizzy/src/main/sharedResource.js":{"path":"/Users/jameshaley/apps-js/d3-exp/grizzy/src/main/sharedResource.js","s":{"1":2,"2":2,"3":2,"4":2,"5":1,"6":1,"7":1,"8":1,"9":1,"10":4,"11":2},"b":{"1":[4,2]},"f":{"1":2,"2":4},"statementMap":{"1":{"start":{"line":37,"column":7},"end":{"line":57,"column":1}},"2":{"start":{"line":39,"column":4},"end":{"line":39,"column":33}},"3":{"start":{"line":40,"column":4},"end":{"line":40,"column":40}},"4":{"start":{"line":44,"column":4},"end":{"line":44,"column":40}},"5":{"start":{"line":48,"column":16},"end":{"line":48,"column":38}},"6":{"start":{"line":49,"column":4},"end":{"line":49,"column":21}},"7":{"start":{"line":50,"column":4},"end":{"line":50,"column":17}},"8":{"start":{"line":54,"column":4},"end":{"line":54,"column":27}},"9":{"start":{"line":55,"column":4},"end":{"line":55,"column":21}},"10":{"start":{"line":70,"column":2},"end":{"line":71,"column":21}},"11":{"start":{"line":71,"column":4},"end":{"line":71,"column":20}}},"fnMap":{"1":{"name":null,"line":38,"loc":{"start":{"line":38,"column":2},"end":{"line":41,"column":3}}},"2":{"name":null,"line":69,"loc":{"start":{"line":69,"column":7},"end":{"line":72,"column":1}}}},"branchMap":{"1":{"line":70,"type":"binary-expr","locations":[{"start":{"line":70,"column":9},"end":{"line":70,"column":38}},{"start":{"line":70,"column":9},"end":{"line":70,"column":38}}]}},"hash":"33d244c693961c221333f4cc51f684ee","l":{"37":2,"39":2,"40":2,"44":2,"48":1,"49":1,"50":1,"54":1,"55":1,"70":4,"71":2}},
"/Users/jameshaley/apps-js/d3-exp/grizzy/src/main/scheduler/view.js":{"path":"/Users/jameshaley/apps-js/d3-exp/grizzy/src/main/scheduler/view.js","s":{"1":0,"2":0,"3":0,"4":0,"5":0,"6":0,"7":0,"8":0,"9":0,"10":0,"11":0,"12":0,"13":0,"14":0,"15":0,"16":0,"17":0,"18":0,"19":0,"20":0,"21":0,"22":0,"23":0,"24":0,"25":0,"26":0,"27":0,"28":0,"29":0,"30":0,"31":0,"32":0,"33":0,"34":0,"35":0,"36":0,"37":0,"38":0,"39":0,"40":0,"41":0,"42":0,"43":0},"b":{"1":[0,0],"2":[0,0],"3":[0,0],"4":[0,0],"5":[0,0],"6":[0,0],"7":[0,0],"8":[0,0],"9":[0,0]},"f":{"1":0,"2":0,"3":0,"4":0,"5":0,"6":0,"7":0,"8":0,"9":0},"statementMap":{"1":{"start":{"line":16,"column":16},"end":{"line":16,"column":32}},"2":{"start":{"line":17,"column":12},"end":{"line":17,"column":26}},"3":{"start":{"line":18,"column":15},"end":{"line":18,"column":17}},"4":{"start":{"line":20,"column":2},"end":{"line":23,"column":3}},"5":{"start":{"line":20,"column":27},"end":{"line":20,"column":30}},"6":{"start":{"line":20,"column":15},"end":{"line":20,"column":16}},"7":{"start":{"line":21,"column":16},"end":{"line":21,"column":31}},"8":{"start":{"line":22,"column":4},"end":{"line":22,"column":25}},"9":{"start":{"line":25,"column":2},"end":{"line":30,"column":5}},"10":{"start":{"line":40,"column":2},"end":{"line":62,"column":4}},"11":{"start":{"line":41,"column":12},"end":{"line":41,"column":13}},"12":{"start":{"line":42,"column":15},"end":{"line":49,"column":5}},"13":{"start":{"line":43,"column":6},"end":{"line":48,"column":9}},"14":{"start":{"line":51,"column":4},"end":{"line":53,"column":5}},"15":{"start":{"line":51,"column":46},"end":{"line":51,"column":64}},"16":{"start":{"line":52,"column":6},"end":{"line":52,"column":20}},"17":{"start":{"line":55,"column":4},"end":{"line":61,"column":9}},"18":{"start":{"line":56,"column":18},"end":{"line":56,"column":21}},"19":{"start":{"line":58,"column":8},"end":{"line":60,"column":9}},"20":{"start":{"line":59,"column":10},"end":{"line":59,"column":17}},"21":{"start":{"line":68,"column":2},"end":{"line":88,"column":3}},"22":{"start":{"line":68,"column":37},"end":{"line":68,"column":63}},"23":{"start":{"line":69,"column":16},"end":{"line":69,"column":28}},"24":{"start":{"line":70,"column":4},"end":{"line":83,"column":7}},"25":{"start":{"line":71,"column":19},"end":{"line":71,"column":31}},"26":{"start":{"line":72,"column":24},"end":{"line":72,"column":40}},"27":{"start":{"line":73,"column":16},"end":{"line":73,"column":34}},"28":{"start":{"line":78,"column":6},"end":{"line":82,"column":7}},"29":{"start":{"line":78,"column":31},"end":{"line":78,"column":34}},"30":{"start":{"line":78,"column":19},"end":{"line":78,"column":20}},"31":{"start":{"line":79,"column":31},"end":{"line":79,"column":51}},"32":{"start":{"line":80,"column":20},"end":{"line":80,"column":39}},"33":{"start":{"line":81,"column":8},"end":{"line":81,"column":48}},"34":{"start":{"line":87,"column":4},"end":{"line":87,"column":58}},"35":{"start":{"line":94,"column":13},"end":{"line":94,"column":54}},"36":{"start":{"line":94,"column":35},"end":{"line":94,"column":45}},"37":{"start":{"line":94,"column":48},"end":{"line":94,"column":54}},"38":{"start":{"line":96,"column":2},"end":{"line":104,"column":3}},"39":{"start":{"line":96,"column":23},"end":{"line":96,"column":50}},"40":{"start":{"line":97,"column":4},"end":{"line":97,"column":20}},"41":{"start":{"line":99,"column":7},"end":{"line":104,"column":3}},"42":{"start":{"line":100,"column":4},"end":{"line":100,"column":22}},"43":{"start":{"line":103,"column":4},"end":{"line":103,"column":17}}},"fnMap":{"1":{"name":null,"line":15,"loc":{"start":{"line":15,"column":0},"end":{"line":31,"column":1}}},"2":{"name":null,"line":39,"loc":{"start":{"line":39,"column":0},"end":{"line":63,"column":1}}},"3":{"name":null,"line":40,"loc":{"start":{"line":40,"column":9},"end":{"line":62,"column":3}}},"4":{"name":null,"line":42,"loc":{"start":{"line":42,"column":15},"end":{"line":49,"column":5}}},"5":{"name":null,"line":56,"loc":{"start":{"line":56,"column":12},"end":{"line":56,"column":21}}},"6":{"name":null,"line":57,"loc":{"start":{"line":57,"column":19},"end":{"line":61,"column":7}}},"7":{"name":null,"line":67,"loc":{"start":{"line":67,"column":0},"end":{"line":89,"column":1}}},"8":{"name":null,"line":70,"loc":{"start":{"line":70,"column":18},"end":{"line":83,"column":5}}},"9":{"name":null,"line":93,"loc":{"start":{"line":93,"column":0},"end":{"line":105,"column":1}}}},"branchMap":{"1":{"line":51,"type":"if","locations":[{"start":{"line":51,"column":66},"end":{"line":53,"column":5}},{"start":{"line":51,"column":66},"end":{"line":53,"column":5}}]},"2":{"line":51,"type":"binary-expr","locations":[{"start":{"line":51,"column":8},"end":{"line":51,"column":42}},{"start":{"line":51,"column":8},"end":{"line":51,"column":42}}]},"3":{"line":58,"type":"if","locations":[{"start":{"line":58,"column":18},"end":{"line":60,"column":9}},{"start":{"line":58,"column":18},"end":{"line":60,"column":9}}]},"4":{"line":68,"type":"if","locations":[{"start":{"line":68,"column":65},"end":{"line":84,"column":3}},{"start":{"line":86,"column":7},"end":{"line":88,"column":3}}]},"5":{"line":68,"type":"binary-expr","locations":[{"start":{"line":68,"column":6},"end":{"line":68,"column":33}},{"start":{"line":68,"column":6},"end":{"line":68,"column":33}}]},"6":{"line":94,"type":"cond-expr","locations":[{"start":{"line":94,"column":13},"end":{"line":94,"column":54}},{"start":{"line":94,"column":13},"end":{"line":94,"column":54}}]},"7":{"line":96,"type":"if","locations":[{"start":{"line":96,"column":52},"end":{"line":98,"column":3}},{"start":{"line":96,"column":52},"end":{"line":98,"column":3}}]},"8":{"line":96,"type":"binary-expr","locations":[{"start":{"line":96,"column":6},"end":{"line":96,"column":19}},{"start":{"line":96,"column":6},"end":{"line":96,"column":19}}]},"9":{"line":99,"type":"if","locations":[{"start":{"line":99,"column":28},"end":{"line":101,"column":3}},{"start":{"line":102,"column":7},"end":{"line":104,"column":3}}]}},"hash":"ebd9dc66c42b9f45be4281eebadc46b9","l":{"16":0,"17":0,"18":0,"20":0,"21":0,"22":0,"25":0,"40":0,"41":0,"42":0,"43":0,"51":0,"52":0,"55":0,"56":0,"58":0,"59":0,"68":0,"69":0,"70":0,"71":0,"72":0,"73":0,"78":0,"79":0,"80":0,"81":0,"87":0,"94":0,"96":0,"97":0,"99":0,"100":0,"103":0}},
"/Users/jameshaley/apps-js/d3-exp/grizzy/src/main/scheduler/main.js":{"path":"/Users/jameshaley/apps-js/d3-exp/grizzy/src/main/scheduler/main.js","s":{"1":1,"2":1,"3":0,"4":1,"5":1,"6":0,"7":0,"8":0,"9":0,"10":0,"11":0,"12":0,"13":0,"14":0,"15":0,"16":0,"17":1,"18":0,"19":1,"20":0,"21":0,"22":0,"23":0,"24":0,"25":0,"26":0,"27":0,"28":0,"29":1,"30":1,"31":0,"32":0},"b":{"1":[0,0],"2":[0,0],"3":[0,0]},"f":{"1":0,"2":0,"3":0,"4":0,"5":0,"6":0,"7":0,"8":0,"9":0},"statementMap":{"1":{"start":{"line":13,"column":17},"end":{"line":13,"column":18}},"2":{"start":{"line":17,"column":18},"end":{"line":17,"column":46}},"3":{"start":{"line":17,"column":25},"end":{"line":17,"column":46}},"4":{"start":{"line":19,"column":29},"end":{"line":20,"column":20}},"5":{"start":{"line":22,"column":20},"end":{"line":26,"column":1}},"6":{"start":{"line":29,"column":2},"end":{"line":57,"column":3}},"7":{"start":{"line":30,"column":12},"end":{"line":30,"column":23}},"8":{"start":{"line":32,"column":4},"end":{"line":32,"column":27}},"9":{"start":{"line":34,"column":4},"end":{"line":36,"column":7}},"10":{"start":{"line":35,"column":6},"end":{"line":35,"column":28}},"11":{"start":{"line":38,"column":4},"end":{"line":42,"column":6}},"12":{"start":{"line":45,"column":7},"end":{"line":57,"column":3}},"13":{"start":{"line":46,"column":12},"end":{"line":46,"column":21}},"14":{"start":{"line":48,"column":4},"end":{"line":56,"column":5}},"15":{"start":{"line":49,"column":6},"end":{"line":53,"column":8}},"16":{"start":{"line":55,"column":6},"end":{"line":55,"column":25}},"17":{"start":{"line":65,"column":20},"end":{"line":69,"column":38}},"18":{"start":{"line":69,"column":17},"end":{"line":69,"column":37}},"19":{"start":{"line":73,"column":21},"end":{"line":92,"column":4}},"20":{"start":{"line":74,"column":20},"end":{"line":74,"column":42}},"21":{"start":{"line":76,"column":14},"end":{"line":76,"column":34}},"22":{"start":{"line":77,"column":22},"end":{"line":77,"column":28}},"23":{"start":{"line":78,"column":15},"end":{"line":78,"column":39}},"24":{"start":{"line":79,"column":13},"end":{"line":79,"column":15}},"25":{"start":{"line":81,"column":4},"end":{"line":83,"column":7}},"26":{"start":{"line":82,"column":6},"end":{"line":82,"column":35}},"27":{"start":{"line":85,"column":15},"end":{"line":89,"column":6}},"28":{"start":{"line":91,"column":4},"end":{"line":91,"column":16}},"29":{"start":{"line":94,"column":21},"end":{"line":96,"column":1}},"30":{"start":{"line":98,"column":0},"end":{"line":107,"column":5}},"31":{"start":{"line":104,"column":19},"end":{"line":104,"column":30}},"32":{"start":{"line":106,"column":4},"end":{"line":106,"column":27}}},"fnMap":{"1":{"name":null,"line":17,"loc":{"start":{"line":17,"column":18},"end":{"line":17,"column":46}}},"2":{"name":null,"line":28,"loc":{"start":{"line":28,"column":0},"end":{"line":58,"column":1}}},"3":{"name":null,"line":34,"loc":{"start":{"line":34,"column":30},"end":{"line":36,"column":5}}},"4":{"name":null,"line":69,"loc":{"start":{"line":69,"column":10},"end":{"line":69,"column":37}}},"5":{"name":null,"line":74,"loc":{"start":{"line":74,"column":10},"end":{"line":74,"column":42}}},"6":{"name":null,"line":75,"loc":{"start":{"line":75,"column":7},"end":{"line":92,"column":3}}},"7":{"name":null,"line":81,"loc":{"start":{"line":81,"column":17},"end":{"line":83,"column":5}}},"8":{"name":null,"line":104,"loc":{"start":{"line":104,"column":10},"end":{"line":104,"column":30}}},"9":{"name":null,"line":105,"loc":{"start":{"line":105,"column":13},"end":{"line":107,"column":3}}}},"branchMap":{"1":{"line":29,"type":"if","locations":[{"start":{"line":29,"column":26},"end":{"line":43,"column":3}},{"start":{"line":29,"column":26},"end":{"line":43,"column":3}}]},"2":{"line":45,"type":"if","locations":[{"start":{"line":45,"column":33},"end":{"line":57,"column":3}},{"start":{"line":45,"column":33},"end":{"line":57,"column":3}}]},"3":{"line":48,"type":"if","locations":[{"start":{"line":48,"column":22},"end":{"line":54,"column":5}},{"start":{"line":54,"column":11},"end":{"line":56,"column":5}}]}},"hash":"69a052412ab212133a5b7cd2c11daa0e","l":{"13":1,"17":1,"19":1,"22":1,"29":0,"30":0,"32":0,"34":0,"35":0,"38":0,"45":0,"46":0,"48":0,"49":0,"55":0,"65":1,"69":0,"73":1,"74":0,"76":0,"77":0,"78":0,"79":0,"81":0,"82":0,"85":0,"91":0,"94":1,"98":1,"104":0,"106":0}},
"/Users/jameshaley/apps-js/d3-exp/grizzy/src/main/scheduler/scheduler.js":{"path":"/Users/jameshaley/apps-js/d3-exp/grizzy/src/main/scheduler/scheduler.js","s":{"1":0,"2":0,"3":0,"4":0,"5":0,"6":0,"7":0,"8":0,"9":0,"10":0,"11":0,"12":0,"13":0,"14":0,"15":0,"16":0,"17":0,"18":0,"19":0,"20":0},"b":{"1":[0,0],"2":[0,0],"3":[0,0],"4":[0,0]},"f":{"1":0,"2":0,"3":0,"4":0},"statementMap":{"1":{"start":{"line":55,"column":13},"end":{"line":55,"column":26}},"2":{"start":{"line":56,"column":13},"end":{"line":56,"column":61}},"3":{"start":{"line":56,"column":30},"end":{"line":56,"column":36}},"4":{"start":{"line":56,"column":39},"end":{"line":56,"column":61}},"5":{"start":{"line":57,"column":11},"end":{"line":57,"column":35}},"6":{"start":{"line":58,"column":10},"end":{"line":58,"column":21}},"7":{"start":{"line":59,"column":9},"end":{"line":59,"column":20}},"8":{"start":{"line":60,"column":16},"end":{"line":60,"column":25}},"9":{"start":{"line":63,"column":2},"end":{"line":68,"column":3}},"10":{"start":{"line":64,"column":11},"end":{"line":64,"column":38}},"11":{"start":{"line":65,"column":4},"end":{"line":65,"column":23}},"12":{"start":{"line":67,"column":4},"end":{"line":67,"column":21}},"13":{"start":{"line":70,"column":2},"end":{"line":78,"column":3}},"14":{"start":{"line":71,"column":4},"end":{"line":73,"column":5}},"15":{"start":{"line":72,"column":6},"end":{"line":72,"column":50}},"16":{"start":{"line":75,"column":4},"end":{"line":77,"column":5}},"17":{"start":{"line":76,"column":6},"end":{"line":76,"column":20}},"18":{"start":{"line":80,"column":2},"end":{"line":88,"column":3}},"19":{"start":{"line":99,"column":2},"end":{"line":103,"column":5}},"20":{"start":{"line":105,"column":2},"end":{"line":105,"column":21}}},"fnMap":{"1":{"name":null,"line":54,"loc":{"start":{"line":54,"column":0},"end":{"line":89,"column":1}}},"2":{"name":"dataBinder","line":71,"loc":{"start":{"line":71,"column":17},"end":{"line":73,"column":5}}},"3":{"name":"dataBinder","line":75,"loc":{"start":{"line":75,"column":17},"end":{"line":77,"column":5}}},"4":{"name":null,"line":98,"loc":{"start":{"line":98,"column":0},"end":{"line":106,"column":1}}}},"branchMap":{"1":{"line":56,"type":"cond-expr","locations":[{"start":{"line":56,"column":13},"end":{"line":56,"column":61}},{"start":{"line":56,"column":13},"end":{"line":56,"column":61}}]},"2":{"line":63,"type":"if","locations":[{"start":{"line":64,"column":40},"end":{"line":66,"column":3}},{"start":{"line":66,"column":9},"end":{"line":68,"column":3}}]},"3":{"line":63,"type":"binary-expr","locations":[{"start":{"line":63,"column":8},"end":{"line":63,"column":29}},{"start":{"line":63,"column":8},"end":{"line":63,"column":29}}]},"4":{"line":70,"type":"if","locations":[{"start":{"line":70,"column":12},"end":{"line":74,"column":3}},{"start":{"line":74,"column":9},"end":{"line":78,"column":3}}]}},"hash":"2cb98d1cfad4375b595b7498022da1df","l":{"55":0,"56":0,"57":0,"58":0,"59":0,"60":0,"63":0,"64":0,"65":0,"67":0,"70":0,"71":0,"72":0,"75":0,"76":0,"80":0,"99":0,"105":0}}}
