TN:
SF:/Users/jameshaley/apps-js/d3-exp/grizzy/src/main/blankSVG.js
FN:18,
FNF:1
FNH:1
FNDA:3,
DA:19,3
DA:21,3
DA:45,3
LF:3
LH:3
BRDA:19,1,0,1
BRDA:19,1,1,2
BRF:2
BRH:2
end_of_record
TN:
SF:/Users/jameshaley/apps-js/d3-exp/grizzy/src/main/dimensions.js
FN:16,
FN:39,
FN:43,
FNF:3
FNH:3
FNDA:5,
FNDA:5,
FNDA:15,
DA:22,5
DA:36,5
DA:40,5
DA:41,5
DA:43,5
DA:45,15
DA:47,14
DA:51,1
DA:55,5
DA:57,1
DA:65,5
DA:75,3
LF:12
LH:12
BRDA:45,1,0,14
BRDA:45,1,1,1
BRDA:55,2,0,1
BRDA:55,2,1,4
BRF:4
BRH:4
end_of_record
TN:
SF:/Users/jameshaley/apps-js/d3-exp/grizzy/src/main/draw.js
FN:46,
FNF:1
FNH:1
FNDA:2,
DA:47,2
DA:48,2
DA:49,2
DA:50,2
DA:54,2
DA:55,1
DA:57,1
DA:60,2
DA:61,1
DA:64,2
DA:65,2
DA:67,2
DA:70,1
LF:13
LH:13
BRDA:48,1,0,1
BRDA:48,1,1,1
BRDA:54,2,0,1
BRDA:54,2,1,1
BRDA:54,3,0,2
BRDA:54,3,1,1
BRDA:60,4,0,1
BRDA:60,4,1,1
BRF:8
BRH:8
end_of_record
TN:
SF:/Users/jameshaley/apps-js/d3-exp/grizzy/src/main/scheduler/intent.js
FNF:0
FNH:0
DA:3,3
DA:4,3
LF:2
LH:2
BRF:0
BRH:0
end_of_record
TN:
SF:/Users/jameshaley/apps-js/d3-exp/grizzy/src/main/scheduler/scheduler_globals.js
FNF:0
FNH:0
DA:2,3
LF:1
LH:1
BRF:0
BRH:0
end_of_record
TN:
SF:/Users/jameshaley/apps-js/d3-exp/grizzy/src/main/scheduler/model.js
FN:27,
FN:32,
FN:53,
FN:120,
FNF:4
FNH:0
FNDA:0,
FNDA:0,
FNDA:0,
FNDA:0,
DA:10,2
DA:28,0
DA:35,0
DA:50,0
DA:57,0
DA:58,0
DA:60,0
DA:62,0
DA:67,0
DA:75,0
DA:76,0
DA:78,0
DA:80,0
DA:94,0
DA:96,0
DA:110,0
DA:122,0
DA:124,0
DA:125,0
DA:126,0
DA:127,0
DA:129,0
DA:130,0
DA:131,0
DA:133,0
DA:136,0
DA:139,0
LF:27
LH:1
BRDA:28,1,0,0
BRDA:28,1,1,0
BRDA:57,2,0,0
BRDA:57,2,1,0
BRDA:60,3,0,0
BRDA:60,3,1,0
BRDA:78,4,0,0
BRDA:78,4,1,0
BRDA:94,5,0,0
BRDA:94,5,1,0
BRDA:122,6,0,0
BRDA:122,6,1,0
BRDA:124,7,0,0
BRDA:124,7,1,0
BRDA:124,7,2,0
BRDA:124,7,3,0
BRF:16
BRH:0
end_of_record
TN:
SF:/Users/jameshaley/apps-js/d3-exp/grizzy/src/main/sharedResource.js
FN:38,
FN:69,
FNF:2
FNH:2
FNDA:2,
FNDA:4,
DA:37,2
DA:39,2
DA:40,2
DA:44,2
DA:48,1
DA:49,1
DA:50,1
DA:54,1
DA:55,1
DA:70,4
DA:71,2
LF:11
LH:11
BRDA:70,1,0,4
BRDA:70,1,1,2
BRF:2
BRH:2
end_of_record
TN:
SF:/Users/jameshaley/apps-js/d3-exp/grizzy/src/main/scheduler/view.js
FN:15,
FN:39,
FN:40,
FN:42,
FN:56,
FN:57,
FN:67,
FN:70,
FN:93,
FNF:9
FNH:0
FNDA:0,
FNDA:0,
FNDA:0,
FNDA:0,
FNDA:0,
FNDA:0,
FNDA:0,
FNDA:0,
FNDA:0,
DA:16,0
DA:17,0
DA:18,0
DA:20,0
DA:21,0
DA:22,0
DA:25,0
DA:40,0
DA:41,0
DA:42,0
DA:43,0
DA:51,0
DA:52,0
DA:55,0
DA:56,0
DA:58,0
DA:59,0
DA:68,0
DA:69,0
DA:70,0
DA:71,0
DA:72,0
DA:73,0
DA:78,0
DA:79,0
DA:80,0
DA:81,0
DA:87,0
DA:94,0
DA:96,0
DA:97,0
DA:99,0
DA:100,0
DA:103,0
LF:34
LH:0
BRDA:51,1,0,0
BRDA:51,1,1,0
BRDA:51,2,0,0
BRDA:51,2,1,0
BRDA:58,3,0,0
BRDA:58,3,1,0
BRDA:68,4,0,0
BRDA:68,4,1,0
BRDA:68,5,0,0
BRDA:68,5,1,0
BRDA:94,6,0,0
BRDA:94,6,1,0
BRDA:96,7,0,0
BRDA:96,7,1,0
BRDA:96,8,0,0
BRDA:96,8,1,0
BRDA:99,9,0,0
BRDA:99,9,1,0
BRF:18
BRH:0
end_of_record
TN:
SF:/Users/jameshaley/apps-js/d3-exp/grizzy/src/main/scheduler/main.js
FN:17,
FN:28,
FN:34,
FN:69,
FN:74,
FN:75,
FN:81,
FN:104,
FN:105,
FNF:9
FNH:0
FNDA:0,
FNDA:0,
FNDA:0,
FNDA:0,
FNDA:0,
FNDA:0,
FNDA:0,
FNDA:0,
FNDA:0,
DA:13,1
DA:17,1
DA:19,1
DA:22,1
DA:29,0
DA:30,0
DA:32,0
DA:34,0
DA:35,0
DA:38,0
DA:45,0
DA:46,0
DA:48,0
DA:49,0
DA:55,0
DA:65,1
DA:69,0
DA:73,1
DA:74,0
DA:76,0
DA:77,0
DA:78,0
DA:79,0
DA:81,0
DA:82,0
DA:85,0
DA:91,0
DA:94,1
DA:98,1
DA:104,0
DA:106,0
LF:31
LH:8
BRDA:29,1,0,0
BRDA:29,1,1,0
BRDA:45,2,0,0
BRDA:45,2,1,0
BRDA:48,3,0,0
BRDA:48,3,1,0
BRF:6
BRH:0
end_of_record
TN:
SF:/Users/jameshaley/apps-js/d3-exp/grizzy/src/main/scheduler/scheduler.js
FN:54,
FN:71,dataBinder
FN:75,dataBinder
FN:98,
FNF:4
FNH:0
FNDA:0,
FNDA:0,dataBinder
FNDA:0,dataBinder
FNDA:0,
DA:55,0
DA:56,0
DA:57,0
DA:58,0
DA:59,0
DA:60,0
DA:63,0
DA:64,0
DA:65,0
DA:67,0
DA:70,0
DA:71,0
DA:72,0
DA:75,0
DA:76,0
DA:80,0
DA:99,0
DA:105,0
LF:18
LH:0
BRDA:56,1,0,0
BRDA:56,1,1,0
BRDA:63,2,0,0
BRDA:63,2,1,0
BRDA:63,3,0,0
BRDA:63,3,1,0
BRDA:70,4,0,0
BRDA:70,4,1,0
BRF:8
BRH:0
end_of_record
